<?xml version="1.0" encoding="UTF-8"?>
<testsuite name="com.xb.gradle.groovy.TodoRepositoryTest" tests="1" skipped="0" failures="0" errors="0" timestamp="2018-02-06T07:42:35" hostname="Peter-PC" time="0.002">
  <properties/>
  <testcase name="testSave" classname="com.xb.gradle.groovy.TodoRepositoryTest" time="0.002"/>
  <system-out><![CDATA[TodoItem{name='xb', hasDone=false}
]]></system-out>
  <system-err><![CDATA[]]></system-err>
</testsuite>
